# JRE version: OpenJDK Runtime Environment (8.0_265-b01) (build 1.8.0_265-b01)
# Java VM: OpenJDK 64-Bit Server VM (25.265-b01 mixed mode windows-amd64 compressed oops)
Heap:
 PSYoungGen      total 181760K, used 112999K [0x00000000e5980000, 0x00000000f1980000, 0x0000000100000000)
  eden space 169472K, 64% used [0x00000000e5980000,0x00000000ec4758b8,0x00000000eff00000)
  from space 12288K, 28% used [0x00000000f0b00000,0x00000000f0e64660,0x00000000f1700000)
  to   space 12288K, 0% used [0x00000000eff00000,0x00000000eff00000,0x00000000f0b00000)
 ParOldGen       total 42496K, used 15416K [0x00000000b0c00000, 0x00000000b3580000, 0x00000000e5980000)
  object space 42496K, 36% used [0x00000000b0c00000,0x00000000b1b0e200,0x00000000b3580000)
 Metaspace       used 26446K, capacity 27302K, committed 27440K, reserved 1073152K
  class space    used 3098K, capacity 3312K, committed 3376K, reserved 1048576K
GC Heap History (10 events):
Event: 11.257 GC heap before
{Heap before GC invocations=7 (full 1):
 PSYoungGen      total 92672K, used 3874K [0x00000000e5980000, 0x00000000ebd80000, 0x0000000100000000)
  eden space 83968K, 0% used [0x00000000e5980000,0x00000000e5980000,0x00000000eab80000)
  from space 8704K, 44% used [0x00000000eb500000,0x00000000eb8c8880,0x00000000ebd80000)
  to   space 9216K, 0% used [0x00000000eab80000,0x00000000eab80000,0x00000000eb480000)
 ParOldGen       total 54784K, used 13654K [0x00000000b0c00000, 0x00000000b4180000, 0x00000000e5980000)
  object space 54784K, 24% used [0x00000000b0c00000,0x00000000b1955a78,0x00000000b4180000)
 Metaspace       used 20705K, capacity 21222K, committed 21296K, reserved 1067008K
  class space    used 2628K, capacity 2859K, committed 2864K, reserved 1048576K
Event: 11.370 GC heap after
Heap after GC invocations=7 (full 1):
 PSYoungGen      total 92672K, used 0K [0x00000000e5980000, 0x00000000ebd80000, 0x0000000100000000)
  eden space 83968K, 0% used [0x00000000e5980000,0x00000000e5980000,0x00000000eab80000)
  from space 8704K, 0% used [0x00000000eb500000,0x00000000eb500000,0x00000000ebd80000)
  to   space 9216K, 0% used [0x00000000eab80000,0x00000000eab80000,0x00000000eb480000)
 ParOldGen       total 42496K, used 8437K [0x00000000b0c00000, 0x00000000b3580000, 0x00000000e5980000)
  object space 42496K, 19% used [0x00000000b0c00000,0x00000000b143d440,0x00000000b3580000)
 Metaspace       used 20705K, capacity 21222K, committed 21296K, reserved 1067008K
  class space    used 2628K, capacity 2859K, committed 2864K, reserved 1048576K
}
Event: 37.854 GC heap before
{Heap before GC invocations=8 (full 1):
 PSYoungGen      total 92672K, used 83968K [0x00000000e5980000, 0x00000000ebd80000, 0x0000000100000000)
  eden space 83968K, 100% used [0x00000000e5980000,0x00000000eab80000,0x00000000eab80000)
  from space 8704K, 0% used [0x00000000eb500000,0x00000000eb500000,0x00000000ebd80000)
  to   space 9216K, 0% used [0x00000000eab80000,0x00000000eab80000,0x00000000eb480000)
 ParOldGen       total 42496K, used 8437K [0x00000000b0c00000, 0x00000000b3580000, 0x00000000e5980000)
  object space 42496K, 19% used [0x00000000b0c00000,0x00000000b143d440,0x00000000b3580000)
 Metaspace       used 25393K, capacity 26244K, committed 26416K, reserved 1073152K
  class space    used 3075K, capacity 3302K, committed 3376K, reserved 1048576K
Event: 37.906 GC heap after
Heap after GC invocations=8 (full 1):
 PSYoungGen      total 93184K, used 8563K [0x00000000e5980000, 0x00000000ef200000, 0x0000000100000000)
  eden space 83968K, 0% used [0x00000000e5980000,0x00000000e5980000,0x00000000eab80000)
  from space 9216K, 92% used [0x00000000eab80000,0x00000000eb3dcfb0,0x00000000eb480000)
  to   space 10240K, 0% used [0x00000000ee800000,0x00000000ee800000,0x00000000ef200000)
 ParOldGen       total 42496K, used 8445K [0x00000000b0c00000, 0x00000000b3580000, 0x00000000e5980000)
  object space 42496K, 19% used [0x00000000b0c00000,0x00000000b143f440,0x00000000b3580000)
 Metaspace       used 25393K, capacity 26244K, committed 26416K, reserved 1073152K
  class space    used 3075K, capacity 3302K, committed 3376K, reserved 1048576K
}
Event: 68.875 GC heap before
{Heap before GC invocations=9 (full 1):
 PSYoungGen      total 93184K, used 92531K [0x00000000e5980000, 0x00000000ef200000, 0x0000000100000000)
  eden space 83968K, 100% used [0x00000000e5980000,0x00000000eab80000,0x00000000eab80000)
  from space 9216K, 92% used [0x00000000eab80000,0x00000000eb3dcfb0,0x00000000eb480000)
  to   space 10240K, 0% used [0x00000000ee800000,0x00000000ee800000,0x00000000ef200000)
 ParOldGen       total 42496K, used 8445K [0x00000000b0c00000, 0x00000000b3580000, 0x00000000e5980000)
  object space 42496K, 19% used [0x00000000b0c00000,0x00000000b143f440,0x00000000b3580000)
 Metaspace       used 26093K, capacity 26958K, committed 27184K, reserved 1073152K
  class space    used 3082K, capacity 3310K, committed 3376K, reserved 1048576K
Event: 68.920 GC heap after
Heap after GC invocations=9 (full 1):
 PSYoungGen      total 139776K, used 9070K [0x00000000e5980000, 0x00000000ef100000, 0x0000000100000000)
  eden space 130560K, 0% used [0x00000000e5980000,0x00000000e5980000,0x00000000ed900000)
  from space 9216K, 98% used [0x00000000ee800000,0x00000000ef0db8e0,0x00000000ef100000)
  to   space 11264K, 0% used [0x00000000edb00000,0x00000000edb00000,0x00000000ee600000)
 ParOldGen       total 42496K, used 8453K [0x00000000b0c00000, 0x00000000b3580000, 0x00000000e5980000)
  object space 42496K, 19% used [0x00000000b0c00000,0x00000000b1441440,0x00000000b3580000)
 Metaspace       used 26093K, capacity 26958K, committed 27184K, reserved 1073152K
  class space    used 3082K, capacity 3310K, committed 3376K, reserved 1048576K
}
Event: 102.239 GC heap before
{Heap before GC invocations=10 (full 1):
 PSYoungGen      total 139776K, used 139630K [0x00000000e5980000, 0x00000000ef100000, 0x0000000100000000)
  eden space 130560K, 100% used [0x00000000e5980000,0x00000000ed900000,0x00000000ed900000)
  from space 9216K, 98% used [0x00000000ee800000,0x00000000ef0db8e0,0x00000000ef100000)
  to   space 11264K, 0% used [0x00000000edb00000,0x00000000edb00000,0x00000000ee600000)
 ParOldGen       total 42496K, used 8453K [0x00000000b0c00000, 0x00000000b3580000, 0x00000000e5980000)
  object space 42496K, 19% used [0x00000000b0c00000,0x00000000b1441440,0x00000000b3580000)
 Metaspace       used 26440K, capacity 27298K, committed 27440K, reserved 1073152K
  class space    used 3098K, capacity 3312K, committed 3376K, reserved 1048576K
Event: 102.317 GC heap after
Heap after GC invocations=10 (full 1):
 PSYoungGen      total 143872K, used 9793K [0x00000000e5980000, 0x00000000f1700000, 0x0000000100000000)
  eden space 132608K, 0% used [0x00000000e5980000,0x00000000e5980000,0x00000000edb00000)
  from space 11264K, 86% used [0x00000000edb00000,0x00000000ee4906f8,0x00000000ee600000)
  to   space 12288K, 0% used [0x00000000f0b00000,0x00000000f0b00000,0x00000000f1700000)
 ParOldGen       total 42496K, used 8461K [0x00000000b0c00000, 0x00000000b3580000, 0x00000000e5980000)
  object space 42496K, 19% used [0x00000000b0c00000,0x00000000b1443440,0x00000000b3580000)
 Metaspace       used 26440K, capacity 27298K, committed 27440K, reserved 1073152K
  class space    used 3098K, capacity 3312K, committed 3376K, reserved 1048576K
}
Event: 125.197 GC heap before
{Heap before GC invocations=11 (full 1):
 PSYoungGen      total 143872K, used 142401K [0x00000000e5980000, 0x00000000f1700000, 0x0000000100000000)
  eden space 132608K, 100% used [0x00000000e5980000,0x00000000edb00000,0x00000000edb00000)
  from space 11264K, 86% used [0x00000000edb00000,0x00000000ee4906f8,0x00000000ee600000)
  to   space 12288K, 0% used [0x00000000f0b00000,0x00000000f0b00000,0x00000000f1700000)
 ParOldGen       total 42496K, used 8461K [0x00000000b0c00000, 0x00000000b3580000, 0x00000000e5980000)
  object space 42496K, 19% used [0x00000000b0c00000,0x00000000b1443440,0x00000000b3580000)
 Metaspace       used 26444K, capacity 27298K, committed 27440K, reserved 1073152K
  class space    used 3098K, capacity 3312K, committed 3376K, reserved 1048576K
Event: 125.395 GC heap after
Heap after GC invocations=11 (full 1):
 PSYoungGen      total 181760K, used 3473K [0x00000000e5980000, 0x00000000f1980000, 0x0000000100000000)
  eden space 169472K, 0% used [0x00000000e5980000,0x00000000e5980000,0x00000000eff00000)
  from space 12288K, 28% used [0x00000000f0b00000,0x00000000f0e64660,0x00000000f1700000)
  to   space 12288K, 0% used [0x00000000eff00000,0x00000000eff00000,0x00000000f0b00000)
 ParOldGen       total 42496K, used 15416K [0x00000000b0c00000, 0x00000000b3580000, 0x00000000e5980000)
  object space 42496K, 36% used [0x00000000b0c00000,0x00000000b1b0e200,0x00000000b3580000)
 Metaspace       used 26444K, capacity 27298K, committed 27440K, reserved 1073152K
  class space    used 3098K, capacity 3312K, committed 3376K, reserved 1048576K
}

